<?xml version="1.0" encoding="UTF-8"?>
<testng-results ignored="3" total="4" passed="1" failed="0" skipped="0">
  <reporter-output>
  </reporter-output>
  <suite started-at="2022-11-21T14:45:22 EST" name="Default suite" finished-at="2022-11-21T14:45:24 EST" duration-ms="2375">
    <groups>
    </groups>
    <test started-at="2022-11-21T14:45:22 EST" name="Default test" finished-at="2022-11-21T14:45:24 EST" duration-ms="2375">
      <class name="testCases.SearchByName$TC_VDOGameAPI">
        <test-method signature="test_getDrinkStatusCode()[pri:1, instance:testCases.SearchByName$TC_VDOGameAPI@51e69659]" started-at="2022-11-21T14:45:22 EST" name="test_getDrinkStatusCode" finished-at="2022-11-21T14:45:24 EST" duration-ms="2304" status="PASS">
          <reporter-output>
          </reporter-output>
        </test-method> <!-- test_getDrinkStatusCode -->
      </class> <!-- testCases.SearchByName$TC_VDOGameAPI -->
    </test> <!-- Default test -->
  </suite> <!-- Default suite -->
</testng-results>
