<?xml version="1.0" encoding="UTF-8"?>
<!-- Generated by org.testng.reporters.JUnitXMLReporter -->
<testsuite ignored="3" hostname="DESKTOP-DI2M575" failures="0" tests="1" name="Default test" time="2.375" errors="0" timestamp="2022-11-21T14:45:24 EST">
  <testcase classname="testCases.SearchByName$TC_VDOGameAPI" name="test_getDrinkStatusCode" time="2.304"/>
  <testcase classname="testCases.SearchByName$TC_VDOGameAPI" name="test_DeletevdoGame" time="0.0">
    <ignored/>
  </testcase> <!-- test_DeletevdoGame -->
  <testcase classname="testCases.SearchByName$TC_VDOGameAPI" name="test_getDrinkBody" time="0.0">
    <ignored/>
  </testcase> <!-- test_getDrinkBody -->
  <testcase classname="testCases.SearchByName$TC_VDOGameAPI" name="test_upDateVideoGame" time="0.0">
    <ignored/>
  </testcase> <!-- test_upDateVideoGame -->
</testsuite> <!-- Default test -->
